This is pdfTeX, Version 3.14159265-2.6-1.40.18 (TeX Live 2017) (preloaded format=pdflatex 2018.4.18)  23 SEP 2018 16:47
entering extended mode
 restricted \write18 enabled.
 %&-line parsing enabled.
**\nonstopmode\input proposal.tex
(./proposal.tex (./acmlarge.cls
Document Class: acmlarge 2012/03/05 ACM Transactions class
(./url.sty
\Urlmuskip=\muskip10
Package: url 2006/04/12  ver 3.3  Verb mode for urls, etc.
)

Using ACM, TAP's option: 2010/05/18 by Aptara

Using ACM, prodmode option: 2010/06/28 by Aptara
\tempdimen=\dimen102
\temptxtwd=\dimen103
\normaltextheight=\dimen104
\normaltextheight=\dimen105
\blindfoliodrop=\dimen106
\tempbox=\box26
\c@part=\count79
\c@section=\count80
\c@subsection=\count81
\c@subsubsection=\count82
\c@paragraph=\count83
\c@secnumbookdepth=\count84
\enumdim=\dimen107
\c@theorem=\count85
\c@figure=\count86
\c@table=\count87
\belowcaptionskip=\skip41
\tbbox=\box27
\tabledim=\dimen108
\@narrowfig=\dimen109
\@nfigbox=\box28
\@nfcapbox=\box29
\@abstract=\box30
\@terms=\box31
\@keywords=\box32
\@firstpg=\count88
\@lastpg=\count89
\@totalpg=\count90
\bibindent=\dimen110
LaTeX Info: Redefining \cal on input line 1435.
(/usr/local/texlive/2017/texmf-dist/tex/latex/base/latexsym.sty
Package: latexsym 1998/08/17 v2.2e Standard LaTeX package (lasy symbols)
\symlasy=\mathgroup4
LaTeX Font Info:    Overwriting symbol font `lasy' in version `bold'
(Font)                  U/lasy/m/n --> U/lasy/b/n on input line 52.
)
(/usr/local/texlive/2017/texmf-dist/tex/latex/graphics/graphicx.sty
Package: graphicx 2017/06/01 v1.1a Enhanced LaTeX Graphics (DPC,SPQR)

(/usr/local/texlive/2017/texmf-dist/tex/latex/graphics/keyval.sty
Package: keyval 2014/10/28 v1.15 key=value parser (DPC)
\KV@toks@=\toks14
)
(/usr/local/texlive/2017/texmf-dist/tex/latex/graphics/graphics.sty
Package: graphics 2017/06/25 v1.2c Standard LaTeX Graphics (DPC,SPQR)

(/usr/local/texlive/2017/texmf-dist/tex/latex/graphics/trig.sty
Package: trig 2016/01/03 v1.10 sin cos tan (DPC)
)
(/usr/local/texlive/2017/texmf-dist/tex/latex/graphics-cfg/graphics.cfg
File: graphics.cfg 2016/06/04 v1.11 sample graphics configuration
)
Package graphics Info: Driver file: pdftex.def on input line 99.

(/usr/local/texlive/2017/texmf-dist/tex/latex/graphics-def/pdftex.def
File: pdftex.def 2018/01/08 v1.0l Graphics/color driver for pdftex
))
\Gin@req@height=\dimen111
\Gin@req@width=\dimen112
)
(/usr/local/texlive/2017/texmf-dist/tex/latex/graphics/color.sty
Package: color 2016/07/10 v1.1e Standard LaTeX Color (DPC)

(/usr/local/texlive/2017/texmf-dist/tex/latex/graphics-cfg/color.cfg
File: color.cfg 2016/01/02 v1.6 sample color configuration
)
Package color Info: Driver file: pdftex.def on input line 147.
))
(./algorithm2e.sty
Package: algorithm2e 2008/00/00 v3.10 algorithms environments
\c@AlgoLine=\count91

(/usr/local/texlive/2017/texmf-dist/tex/latex/base/ifthen.sty
Package: ifthen 2014/09/29 v1.1c Standard LaTeX ifthen package (DPC)
)
(/usr/local/texlive/2017/texmf-dist/tex/latex/tools/xspace.sty
Package: xspace 2014/10/28 v1.13 Space after command names (DPC,MH)
)
(/usr/local/texlive/2017/texmf-dist/tex/latex/relsize/relsize.sty
Package: relsize 2013/03/29 ver 4.1
)
********************************************************
Package `algorithm2e' Release 4.01 -- december 14 2009 --
- algorithm2e-announce@lirmm.fr mailing list for announcement about releases
- algorithm2e-discussion@lirmm.fr mailing list for discussion about package
subscribe by emailing sympa@lirmm.fr with 'subscribe <list> <firstname name>'
- Author: Christophe Fiorio (fiorio@lirmm.fr)
********************************************************
\skiptotal=\skip42
\skiplinenumber=\skip43
\skiprule=\skip44
\skiphlne=\skip45
\skiptext=\skip46
\skiplength=\skip47
\algomargin=\skip48
\skipalgocfslide=\skip49
\algowidth=\dimen113
\inoutsize=\dimen114
\inoutline=\dimen115
\interspacetitleruled=\dimen116
\interspacealgoruled=\dimen117
\interspacetitleboxruled=\dimen118
\algocf@inoutbox=\box33
\algocf@inputbox=\box34
\AlCapSkip=\skip50
\AlCapHSkip=\skip51
\algocf@nlbox=\box35
\algocf@hangingbox=\box36
\algocf@capbox=\box37
\algoheightruledefault=\skip52
\algoheightrule=\skip53
\algotitleheightruledefault=\skip54
\algotitleheightrule=\skip55
\c@algocfline=\count92
\c@algocfproc=\count93
\c@algocf=\count94
\algocf@algoframe=\box38
\algocf@algobox=\box39
) (./proposal.aux)
\openout1 = `proposal.aux'.

LaTeX Font Info:    Checking defaults for OML/cmm/m/it on input line 80.
LaTeX Font Info:    ... okay on input line 80.
LaTeX Font Info:    Checking defaults for T1/cmr/m/n on input line 80.
LaTeX Font Info:    ... okay on input line 80.
LaTeX Font Info:    Checking defaults for OT1/cmr/m/n on input line 80.
LaTeX Font Info:    ... okay on input line 80.
LaTeX Font Info:    Checking defaults for OMS/cmsy/m/n on input line 80.
LaTeX Font Info:    ... okay on input line 80.
LaTeX Font Info:    Checking defaults for OMX/cmex/m/n on input line 80.
LaTeX Font Info:    ... okay on input line 80.
LaTeX Font Info:    Checking defaults for U/cmr/m/n on input line 80.
LaTeX Font Info:    ... okay on input line 80.
LaTeX Font Info:    Try loading font information for OT1+pnc on input line 80.

(/usr/local/texlive/2017/texmf-dist/tex/latex/psnfss/ot1pnc.fd
File: ot1pnc.fd 2001/06/04 font definitions for OT1/pnc.
)
\bibhang=\skip56

(/usr/local/texlive/2017/texmf-dist/tex/context/base/mkii/supp-pdf.mkii
[Loading MPS to PDF converter (version 2006.09.02).]
\scratchcounter=\count95
\scratchdimen=\dimen119
\scratchbox=\box40
\nofMPsegments=\count96
\nofMParguments=\count97
\everyMPshowfont=\toks15
\MPscratchCnt=\count98
\MPscratchDim=\dimen120
\MPnumerator=\count99
\makeMPintoPDFobject=\count100
\everyMPtoPDFconversion=\toks16
) (/usr/local/texlive/2017/texmf-dist/tex/latex/oberdiek/epstopdf-base.sty
Package: epstopdf-base 2016/05/15 v2.6 Base part for package epstopdf

(/usr/local/texlive/2017/texmf-dist/tex/generic/oberdiek/infwarerr.sty
Package: infwarerr 2016/05/16 v1.4 Providing info/warning/error messages (HO)
)
(/usr/local/texlive/2017/texmf-dist/tex/latex/oberdiek/grfext.sty
Package: grfext 2016/05/16 v1.2 Manage graphics extensions (HO)

(/usr/local/texlive/2017/texmf-dist/tex/generic/oberdiek/kvdefinekeys.sty
Package: kvdefinekeys 2016/05/16 v1.4 Define keys (HO)

(/usr/local/texlive/2017/texmf-dist/tex/generic/oberdiek/ltxcmds.sty
Package: ltxcmds 2016/05/16 v1.23 LaTeX kernel commands for general use (HO)
)))
(/usr/local/texlive/2017/texmf-dist/tex/latex/oberdiek/kvoptions.sty
Package: kvoptions 2016/05/16 v3.12 Key value format for package options (HO)

(/usr/local/texlive/2017/texmf-dist/tex/generic/oberdiek/kvsetkeys.sty
Package: kvsetkeys 2016/05/16 v1.17 Key value parser (HO)

(/usr/local/texlive/2017/texmf-dist/tex/generic/oberdiek/etexcmds.sty
Package: etexcmds 2016/05/16 v1.6 Avoid name clashes with e-TeX commands (HO)

(/usr/local/texlive/2017/texmf-dist/tex/generic/oberdiek/ifluatex.sty
Package: ifluatex 2016/05/16 v1.4 Provides the ifluatex switch (HO)
Package ifluatex Info: LuaTeX not detected.
)
Package etexcmds Info: Could not find \expanded.
(etexcmds)             That can mean that you are not using pdfTeX 1.50 or
(etexcmds)             that some package has redefined \expanded.
(etexcmds)             In the latter case, load this package earlier.
)))
(/usr/local/texlive/2017/texmf-dist/tex/generic/oberdiek/pdftexcmds.sty
Package: pdftexcmds 2018/01/21 v0.26 Utility functions of pdfTeX for LuaTeX (HO
)

(/usr/local/texlive/2017/texmf-dist/tex/generic/oberdiek/ifpdf.sty
Package: ifpdf 2017/03/15 v3.2 Provides the ifpdf switch
)
Package pdftexcmds Info: LuaTeX not detected.
Package pdftexcmds Info: \pdf@primitive is available.
Package pdftexcmds Info: \pdf@ifprimitive is available.
Package pdftexcmds Info: \pdfdraftmode found.
)
Package epstopdf-base Info: Redefining graphics rule for `.eps' on input line 4
38.
Package grfext Info: Graphics extension search list:
(grfext)             [.pdf,.png,.jpg,.mps,.jpeg,.jbig2,.jb2,.PDF,.PNG,.JPG,.JPE
G,.JBIG2,.JB2,.eps]
(grfext)             \AppendGraphicsExtensions on input line 456.

(/usr/local/texlive/2017/texmf-dist/tex/latex/latexconfig/epstopdf-sys.cfg
File: epstopdf-sys.cfg 2010/07/13 v1.3 Configuration of (r)epstopdf for TeX Liv
e
))
LaTeX Font Info:    External font `cmex10' loaded for size
(Font)              <8> on input line 88.
LaTeX Font Info:    External font `cmex10' loaded for size
(Font)              <6> on input line 88.
LaTeX Font Info:    External font `cmex10' loaded for size
(Font)              <5> on input line 88.
LaTeX Font Info:    Try loading font information for U+lasy on input line 88.

(/usr/local/texlive/2017/texmf-dist/tex/latex/base/ulasy.fd
File: ulasy.fd 1998/08/17 v2.2e LaTeX symbol font definitions
)
LaTeX Font Info:    Try loading font information for OMS+pnc on input line 88.

(/usr/local/texlive/2017/texmf-dist/tex/latex/psnfss/omspnc.fd
File: omspnc.fd 
)
LaTeX Font Info:    Font shape `OMS/pnc/m/n' in size <8> not available
(Font)              Font shape `OMS/cmsy/m/n' tried instead on input line 88.
LaTeX Font Info:    Font shape `OT1/pnc/bx/n' in size <8> not available
(Font)              Font shape `OT1/pnc/b/n' tried instead on input line 91.
LaTeX Font Info:    Try loading font information for OT1+phv on input line 94.

(/usr/local/texlive/2017/texmf-dist/tex/latex/psnfss/ot1phv.fd
File: ot1phv.fd 2001/06/04 scalable font definitions for OT1/phv.
)
LaTeX Font Info:    Font shape `OT1/pnc/bx/n' in size <10> not available
(Font)              Font shape `OT1/pnc/b/n' tried instead on input line 99.


LaTeX Warning: Citation `Turk1996' on page 1 undefined on input line 99.


LaTeX Warning: Citation `Jobard1997' on page 1 undefined on input line 99.


LaTeX Warning: Citation `Cabral1993' on page 1 undefined on input line 100.


LaTeX Warning: Citation `Laidlaw2001' on page 1 undefined on input line 100.


LaTeX Warning: Citation `Ware2008' on page 1 undefined on input line 105.


Underfull \vbox (badness 10000) has occurred while \output is active []

LaTeX Font Info:    Font shape `OT1/pnc/bx/n' in size <12> not available
(Font)              Font shape `OT1/pnc/b/n' tried instead on input line 113.

Overfull \vbox (73.96626pt too high) has occurred while \output is active []


[1{/usr/local/texlive/2017/texmf-var/fonts/map/pdftex/updmap/pdftex.map}
Non-PDF special ignored!

]
Underfull \hbox (badness 3557) in paragraph at lines 161--161
[]\OT1/pnc/m/n/8 Objective and com-pu-ta-
 []


Underfull \hbox (badness 2080) in paragraph at lines 161--161
\OT1/pnc/m/n/8 tional mea-sures for de-
 []


Underfull \hbox (badness 1946) in paragraph at lines 161--161
\OT1/pnc/m/n/8 scrib-ing the changes in
 []


Underfull \hbox (badness 10000) in paragraph at lines 161--161
\OT1/pnc/m/n/8 cru-cial im-age qual-ity
 []

LaTeX Font Info:    External font `cmex10' loaded for size
(Font)              <7> on input line 189.

Overfull \vbox (0.633pt too high) has occurred while \output is active []

 [2]

LaTeX Warning: Citation `Hubel1962' on page 3 undefined on input line 232.


LaTeX Warning: Citation `Hubel1968' on page 3 undefined on input line 232.


LaTeX Warning: Citation `Li1998a' on page 3 undefined on input line 241.


LaTeX Warning: Citation `Laidlaw2001' on page 3 undefined on input line 252.


LaTeX Warning: Citation `Li1998a' on page 3 undefined on input line 259.


LaTeX Warning: Citation `Laidlaw2001' on page 3 undefined on input line 264.


Overfull \vbox (0.57443pt too high) has occurred while \output is active []


[3]
Package epstopdf Info: Source file: <acmlarge-mouse.eps>
(epstopdf)                    date: 2010-05-19 10:51:00
(epstopdf)                    size: 5341 bytes
(epstopdf)             Output file: <acmlarge-mouse-eps-converted-to.pdf>
(epstopdf)             Command: <repstopdf --outfile=acmlarge-mouse-eps-convert
ed-to.pdf acmlarge-mouse.eps>
(epstopdf)             \includegraphics on input line 271.
runsystem(repstopdf --outfile=acmlarge-mouse-eps-converted-to.pdf acmlarge-mous
e.eps)...executed safely (allowed).

Package epstopdf Info: Result file: <acmlarge-mouse-eps-converted-to.pdf>
(epstopdf)                    date: 2018-09-23 16:47:36
(epstopdf)                    size: 3128 bytes.
<acmlarge-mouse-eps-converted-to.pdf, id=24, 151.56625pt x 134.5025pt>
File: acmlarge-mouse-eps-converted-to.pdf Graphic file (type pdf)
<use acmlarge-mouse-eps-converted-to.pdf>
Package pdftex.def Info: acmlarge-mouse-eps-converted-to.pdf  used on input lin
e 271.
(pdftex.def)             Requested size: 151.56587pt x 134.50215pt.


LaTeX Warning: Citation `Daugman1985' on page 4 undefined on input line 292.


LaTeX Warning: Citation `Hubel1962' on page 4 undefined on input line 299.


LaTeX Warning: Citation `Hubel1968' on page 4 undefined on input line 299.


LaTeX Warning: Citation `Field1993' on page 4 undefined on input line 315.

Package epstopdf Info: Source file: <acmlarge-mouse.eps>
(epstopdf)                    date: 2010-05-19 10:51:00
(epstopdf)                    size: 5341 bytes
(epstopdf)             Output file: <acmlarge-mouse-eps-converted-to.pdf>
(epstopdf)                    date: 2018-09-23 16:47:36
(epstopdf)                    size: 3128 bytes
(epstopdf)             Command: <repstopdf --outfile=acmlarge-mouse-eps-convert
ed-to.pdf acmlarge-mouse.eps>
(epstopdf)             \includegraphics on input line 329.
Package epstopdf Info: Output file is already uptodate.
File: acmlarge-mouse-eps-converted-to.pdf Graphic file (type pdf)
<use acmlarge-mouse-eps-converted-to.pdf>
Package pdftex.def Info: acmlarge-mouse-eps-converted-to.pdf  used on input lin
e 329.
(pdftex.def)             Requested size: 151.56587pt x 134.50215pt.

Overfull \vbox (0.633pt too high) has occurred while \output is active []

 [4 <./acmlarge-mouse-eps-converted-to.pdf>]

LaTeX Warning: Citation `Hubel1962' on page 5 undefined on input line 338.


LaTeX Warning: Citation `Hubel1968' on page 5 undefined on input line 338.


LaTeX Warning: Citation `Field1993' on page 5 undefined on input line 339.


LaTeX Warning: Citation `Li1998a' on page 5 undefined on input line 343.


LaTeX Warning: Citation `Laidlaw2001' on page 5 undefined on input line 370.


Overfull \vbox (0.57443pt too high) has occurred while \output is active []


[5]

LaTeX Warning: Citation `Li1998a' on page 6 undefined on input line 401.


LaTeX Warning: Citation `Lund2001' on page 6 undefined on input line 405.


LaTeX Warning: Citation `Laidlaw2001' on page 6 undefined on input line 406.

LaTeX Font Info:    External font `cmex10' loaded for size
(Font)              <9> on input line 425.
LaTeX Font Info:    Font shape `OT1/pnc/bx/n' in size <9> not available
(Font)              Font shape `OT1/pnc/b/n' tried instead on input line 440.

Underfull \vbox (badness 4634) has occurred while \output is active []


Overfull \vbox (0.633pt too high) has occurred while \output is active []

 [6]

LaTeX Warning: Citation `Pineo2008' on page 7 undefined on input line 469.


LaTeX Warning: Citation `Laidlaw2001' on page 7 undefined on input line 484.


LaTeX Warning: Citation `Turk1996' on page 7 undefined on input line 487.


LaTeX Warning: Citation `Cabral1993' on page 7 undefined on input line 489.


LaTeX Warning: Citation `Ware2008' on page 7 undefined on input line 492.


LaTeX Warning: Citation `Jobard1997' on page 7 undefined on input line 494.


LaTeX Warning: Citation `Fowler1989' on page 7 undefined on input line 496.

Package epstopdf Info: Source file: <acmlarge-mouse.eps>
(epstopdf)                    date: 2010-05-19 10:51:00
(epstopdf)                    size: 5341 bytes
(epstopdf)             Output file: <acmlarge-mouse-eps-converted-to.pdf>
(epstopdf)                    date: 2018-09-23 16:47:36
(epstopdf)                    size: 3128 bytes
(epstopdf)             Command: <repstopdf --outfile=acmlarge-mouse-eps-convert
ed-to.pdf acmlarge-mouse.eps>
(epstopdf)             \includegraphics on input line 501.
Package epstopdf Info: Output file is already uptodate.
File: acmlarge-mouse-eps-converted-to.pdf Graphic file (type pdf)
<use acmlarge-mouse-eps-converted-to.pdf>
Package pdftex.def Info: acmlarge-mouse-eps-converted-to.pdf  used on input lin
e 501.
(pdftex.def)             Requested size: 151.56587pt x 134.50215pt.
Package epstopdf Info: Source file: <acmlarge-mouse.eps>
(epstopdf)                    date: 2010-05-19 10:51:00
(epstopdf)                    size: 5341 bytes
(epstopdf)             Output file: <acmlarge-mouse-eps-converted-to.pdf>
(epstopdf)                    date: 2018-09-23 16:47:36
(epstopdf)                    size: 3128 bytes
(epstopdf)             Command: <repstopdf --outfile=acmlarge-mouse-eps-convert
ed-to.pdf acmlarge-mouse.eps>
(epstopdf)             \includegraphics on input line 508.
Package epstopdf Info: Output file is already uptodate.
File: acmlarge-mouse-eps-converted-to.pdf Graphic file (type pdf)
<use acmlarge-mouse-eps-converted-to.pdf>
Package pdftex.def Info: acmlarge-mouse-eps-converted-to.pdf  used on input lin
e 508.
(pdftex.def)             Requested size: 151.56587pt x 134.50215pt.

Overfull \hbox (3.39197pt too wide) in paragraph at lines 499--512
[][]   [] 
 []

Package epstopdf Info: Source file: <acmlarge-mouse.eps>
(epstopdf)                    date: 2010-05-19 10:51:00
(epstopdf)                    size: 5341 bytes
(epstopdf)             Output file: <acmlarge-mouse-eps-converted-to.pdf>
(epstopdf)                    date: 2018-09-23 16:47:36
(epstopdf)                    size: 3128 bytes
(epstopdf)             Command: <repstopdf --outfile=acmlarge-mouse-eps-convert
ed-to.pdf acmlarge-mouse.eps>
(epstopdf)             \includegraphics on input line 517.
Package epstopdf Info: Output file is already uptodate.
File: acmlarge-mouse-eps-converted-to.pdf Graphic file (type pdf)
<use acmlarge-mouse-eps-converted-to.pdf>
Package pdftex.def Info: acmlarge-mouse-eps-converted-to.pdf  used on input lin
e 517.
(pdftex.def)             Requested size: 151.56587pt x 134.50215pt.
Package epstopdf Info: Source file: <acmlarge-mouse.eps>
(epstopdf)                    date: 2010-05-19 10:51:00
(epstopdf)                    size: 5341 bytes
(epstopdf)             Output file: <acmlarge-mouse-eps-converted-to.pdf>
(epstopdf)                    date: 2018-09-23 16:47:36
(epstopdf)                    size: 3128 bytes
(epstopdf)             Command: <repstopdf --outfile=acmlarge-mouse-eps-convert
ed-to.pdf acmlarge-mouse.eps>
(epstopdf)             \includegraphics on input line 524.
Package epstopdf Info: Output file is already uptodate.
File: acmlarge-mouse-eps-converted-to.pdf Graphic file (type pdf)
<use acmlarge-mouse-eps-converted-to.pdf>
Package pdftex.def Info: acmlarge-mouse-eps-converted-to.pdf  used on input lin
e 524.
(pdftex.def)             Requested size: 151.56587pt x 134.50215pt.

Overfull \hbox (3.39197pt too wide) in paragraph at lines 515--528
[][]   [] 
 []


Overfull \vbox (0.57443pt too high) has occurred while \output is active []


[7]

LaTeX Warning: Citation `Laidlaw2001' on page 8 undefined on input line 591.


Overfull \vbox (0.633pt too high) has occurred while \output is active []

 [8]

LaTeX Warning: Citation `Li1998a' on page 9 undefined on input line 625.


LaTeX Warning: Citation `Abril07' on page 9 undefined on input line 643.


LaTeX Warning: Citation `Cohen07' on page 9 undefined on input line 644.


LaTeX Warning: Citation `JCohen96' on page 9 undefined on input line 644.


LaTeX Warning: Citation `Kosiur01' on page 9 undefined on input line 645.


LaTeX Warning: Citation `Harel79' on page 9 undefined on input line 646.


LaTeX Warning: Citation `Editor00' on page 9 undefined on input line 646.


LaTeX Warning: Citation `Editor00a' on page 9 undefined on input line 648.


LaTeX Warning: Citation `Spector90' on page 9 undefined on input line 649.


LaTeX Warning: Citation `Douglass98' on page 9 undefined on input line 650.


LaTeX Warning: Citation `Knuth97' on page 9 undefined on input line 650.


LaTeX Warning: Citation `Andler79' on page 9 undefined on input line 652.


LaTeX Warning: Citation `Smith10' on page 9 undefined on input line 653.


LaTeX Warning: Citation `VanGundy07' on page 9 undefined on input line 654.


LaTeX Warning: Citation `Harel78' on page 9 undefined on input line 655.


LaTeX Warning: Citation `Clarkson85' on page 9 undefined on input line 655.


LaTeX Warning: Citation `anisi03' on page 9 undefined on input line 656.


LaTeX Warning: Citation `Thornburg01' on page 9 undefined on input line 656.


LaTeX Warning: Citation `Ablamowicz07' on page 9 undefined on input line 656.


LaTeX Warning: Citation `Poker06' on page 9 undefined on input line 657.


LaTeX Warning: Citation `Obama08' on page 9 undefined on input line 657.


LaTeX Warning: Citation `Novak03' on page 9 undefined on input line 657.


LaTeX Warning: Citation `Lee05' on page 9 undefined on input line 658.


LaTeX Warning: Citation `JoeScientist001' on page 9 undefined on input line 658
.


LaTeX Warning: Citation `rous08' on page 9 undefined on input line 659.


LaTeX Warning: Citation `SaeediMEJ10' on page 9 undefined on input line 660.


LaTeX Warning: Citation `SaeediJETC10' on page 9 undefined on input line 660.


LaTeX Warning: Citation `Kirschmer:2010:AEI:1958016.1958018' on page 9 undefine
d on input line 661.


LaTeX Warning: Citation `MR781536' on page 9 undefined on input line 663.


LaTeX Warning: Citation `MR781537' on page 9 undefined on input line 663.


Underfull \vbox (badness 10000) has occurred while \output is active []


Overfull \vbox (0.57443pt too high) has occurred while \output is active []


[9]
No file proposal.bbl.

Overfull \vbox (0.633pt too high) has occurred while \output is active []

 [10]
[1

] (./proposal.aux) ) 
Here is how much of TeX's memory you used:
 3211 strings out of 492982
 43007 string characters out of 6132527
 127575 words of memory out of 5000000
 6712 multiletter control sequences out of 15000+600000
 32172 words of font info for 66 fonts, out of 8000000 for 9000
 1141 hyphenation exceptions out of 8191
 41i,19n,26p,294b,425s stack positions out of 5000i,500n,10000p,200000b,80000s
{/usr/local/texlive/2017/texmf-dist/fonts/enc/dvips/base/8r
.enc}</usr/local/texlive/2017/texmf-dist/fonts/type1/public/amsfonts/cm/cmex10.
pfb></usr/local/texlive/2017/texmf-dist/fonts/type1/public/amsfonts/cm/cmmi10.p
fb></usr/local/texlive/2017/texmf-dist/fonts/type1/public/amsfonts/cm/cmmi5.pfb
></usr/local/texlive/2017/texmf-dist/fonts/type1/public/amsfonts/cm/cmmi7.pfb><
/usr/local/texlive/2017/texmf-dist/fonts/type1/public/amsfonts/cm/cmmi9.pfb></u
sr/local/texlive/2017/texmf-dist/fonts/type1/public/amsfonts/cm/cmr10.pfb></usr
/local/texlive/2017/texmf-dist/fonts/type1/public/amsfonts/cm/cmr5.pfb></usr/lo
cal/texlive/2017/texmf-dist/fonts/type1/public/amsfonts/cm/cmr7.pfb></usr/local
/texlive/2017/texmf-dist/fonts/type1/public/amsfonts/cm/cmr8.pfb></usr/local/te
xlive/2017/texmf-dist/fonts/type1/public/amsfonts/cm/cmr9.pfb></usr/local/texli
ve/2017/texmf-dist/fonts/type1/public/amsfonts/cm/cmsy10.pfb></usr/local/texliv
e/2017/texmf-dist/fonts/type1/public/amsfonts/cm/cmsy5.pfb></usr/local/texlive/
2017/texmf-dist/fonts/type1/public/amsfonts/cm/cmsy7.pfb></usr/local/texlive/20
17/texmf-dist/fonts/type1/public/amsfonts/cm/cmsy8.pfb></usr/local/texlive/2017
/texmf-dist/fonts/type1/public/amsfonts/cm/cmsy9.pfb></usr/local/texlive/2017/t
exmf-dist/fonts/type1/public/amsfonts/cm/cmtt8.pfb></usr/local/texlive/2017/tex
mf-dist/fonts/type1/urw/helvetic/uhvr8a.pfb></usr/local/texlive/2017/texmf-dist
/fonts/type1/urw/ncntrsbk/uncb8a.pfb></usr/local/texlive/2017/texmf-dist/fonts/
type1/urw/ncntrsbk/uncr8a.pfb></usr/local/texlive/2017/texmf-dist/fonts/type1/u
rw/ncntrsbk/uncri8a.pfb>
Output written on proposal.pdf (11 pages, 232020 bytes).
PDF statistics:
 124 PDF objects out of 1000 (max. 8388607)
 89 compressed objects within 1 object stream
 0 named destinations out of 1000 (max. 500000)
 6 words of extra memory for PDF output out of 10000 (max. 10000000)

